{"/Users/mohamed/Desktop/nextjs-graphql-morty-app/src/components/Button/index.tsx": {"path":"/Users/mohamed/Desktop/nextjs-graphql-morty-app/src/components/Button/index.tsx","statementMap":{"0":{"start":{"line":22,"column":24},"end":{"line":22,"column":41}},"1":{"start":{"line":1,"column":23},"end":{"line":1,"column":null}},"2":{"start":{"line":2,"column":19},"end":{"line":2,"column":null}},"3":{"start":{"line":4,"column":23},"end":{"line":20,"column":null}},"4":{"start":{"line":4,"column":54},"end":{"line":20,"column":null}}},"fnMap":{"0":{"name":"(anonymous_0)","decl":{"start":{"line":22,"column":24},"end":{"line":22,"column":41}},"loc":{"start":{"line":22,"column":24},"end":{"line":22,"column":41}}},"1":{"name":"(anonymous_2)","decl":{"start":{"line":4,"column":38},"end":{"line":4,"column":39}},"loc":{"start":{"line":4,"column":54},"end":{"line":20,"column":null}}}},"branchMap":{},"s":{"0":6,"1":3,"2":3,"3":3,"4":6},"f":{"0":12,"1":6},"b":{}}
,"/Users/mohamed/Desktop/nextjs-graphql-morty-app/src/components/Card/index.tsx": {"path":"/Users/mohamed/Desktop/nextjs-graphql-morty-app/src/components/Card/index.tsx","statementMap":{"0":{"start":{"line":59,"column":0},"end":{"line":59,"column":15}},"1":{"start":{"line":1,"column":18},"end":{"line":1,"column":null}},"2":{"start":{"line":2,"column":18},"end":{"line":2,"column":null}},"3":{"start":{"line":3,"column":23},"end":{"line":3,"column":null}},"4":{"start":{"line":6,"column":20},"end":{"line":19,"column":null}},"5":{"start":{"line":6,"column":50},"end":{"line":19,"column":null}},"6":{"start":{"line":20,"column":23},"end":{"line":22,"column":null}},"7":{"start":{"line":20,"column":53},"end":{"line":22,"column":null}},"8":{"start":{"line":23,"column":13},"end":{"line":27,"column":null}},"9":{"start":{"line":23,"column":43},"end":{"line":27,"column":null}},"10":{"start":{"line":28,"column":15},"end":{"line":32,"column":null}},"11":{"start":{"line":28,"column":45},"end":{"line":32,"column":null}},"12":{"start":{"line":33,"column":17},"end":{"line":36,"column":null}},"13":{"start":{"line":33,"column":47},"end":{"line":36,"column":null}},"14":{"start":{"line":38,"column":13},"end":{"line":57,"column":null}},"15":{"start":{"line":59,"column":15},"end":{"line":59,"column":null}}},"fnMap":{"0":{"name":"(anonymous_0)","decl":{"start":{"line":59,"column":0},"end":{"line":59,"column":15}},"loc":{"start":{"line":59,"column":0},"end":{"line":59,"column":15}}},"1":{"name":"(anonymous_2)","decl":{"start":{"line":6,"column":34},"end":{"line":6,"column":35}},"loc":{"start":{"line":6,"column":50},"end":{"line":19,"column":null}}},"2":{"name":"(anonymous_3)","decl":{"start":{"line":20,"column":37},"end":{"line":20,"column":38}},"loc":{"start":{"line":20,"column":53},"end":{"line":22,"column":null}}},"3":{"name":"(anonymous_4)","decl":{"start":{"line":23,"column":27},"end":{"line":23,"column":28}},"loc":{"start":{"line":23,"column":43},"end":{"line":27,"column":null}}},"4":{"name":"(anonymous_5)","decl":{"start":{"line":28,"column":29},"end":{"line":28,"column":30}},"loc":{"start":{"line":28,"column":45},"end":{"line":32,"column":null}}},"5":{"name":"(anonymous_6)","decl":{"start":{"line":33,"column":31},"end":{"line":33,"column":32}},"loc":{"start":{"line":33,"column":47},"end":{"line":36,"column":null}}},"6":{"name":"(anonymous_7)","decl":{"start":{"line":38,"column":13},"end":{"line":38,"column":14}},"loc":{"start":{"line":38,"column":48},"end":{"line":57,"column":null}}}},"branchMap":{},"s":{"0":4,"1":2,"2":2,"3":2,"4":2,"5":4,"6":2,"7":4,"8":2,"9":4,"10":2,"11":4,"12":2,"13":4,"14":2,"15":2},"f":{"0":4,"1":4,"2":4,"3":4,"4":4,"5":4,"6":4},"b":{}}
,"/Users/mohamed/Desktop/nextjs-graphql-morty-app/src/components/Characters/index.tsx": {"path":"/Users/mohamed/Desktop/nextjs-graphql-morty-app/src/components/Characters/index.tsx","statementMap":{"0":{"start":{"line":79,"column":0},"end":{"line":79,"column":15}},"1":{"start":{"line":1,"column":23},"end":{"line":1,"column":null}},"2":{"start":{"line":2,"column":26},"end":{"line":2,"column":null}},"3":{"start":{"line":4,"column":16},"end":{"line":4,"column":null}},"4":{"start":{"line":6,"column":19},"end":{"line":6,"column":null}},"5":{"start":{"line":7,"column":19},"end":{"line":7,"column":null}},"6":{"start":{"line":8,"column":17},"end":{"line":8,"column":null}},"7":{"start":{"line":9,"column":20},"end":{"line":9,"column":null}},"8":{"start":{"line":12,"column":16},"end":{"line":27,"column":null}},"9":{"start":{"line":29,"column":27},"end":{"line":36,"column":null}},"10":{"start":{"line":29,"column":56},"end":{"line":36,"column":null}},"11":{"start":{"line":38,"column":21},"end":{"line":43,"column":null}},"12":{"start":{"line":44,"column":19},"end":{"line":50,"column":null}},"13":{"start":{"line":52,"column":19},"end":{"line":77,"column":null}},"14":{"start":{"line":53,"column":16},"end":{"line":53,"column":null}},"15":{"start":{"line":54,"column":18},"end":{"line":54,"column":null}},"16":{"start":{"line":67,"column":18},"end":{"line":67,"column":null}},"17":{"start":{"line":79,"column":15},"end":{"line":79,"column":null}}},"fnMap":{"0":{"name":"(anonymous_0)","decl":{"start":{"line":79,"column":0},"end":{"line":79,"column":15}},"loc":{"start":{"line":79,"column":0},"end":{"line":79,"column":15}}},"1":{"name":"(anonymous_2)","decl":{"start":{"line":29,"column":40},"end":{"line":29,"column":41}},"loc":{"start":{"line":29,"column":56},"end":{"line":36,"column":null}}},"2":{"name":"(anonymous_3)","decl":{"start":{"line":52,"column":19},"end":{"line":52,"column":20}},"loc":{"start":{"line":52,"column":56},"end":{"line":77,"column":null}}},"3":{"name":"(anonymous_4)","decl":{"start":{"line":66,"column":16},"end":{"line":66,"column":17}},"loc":{"start":{"line":67,"column":18},"end":{"line":67,"column":null}}}},"branchMap":{"0":{"loc":{"start":{"line":58,"column":37},"end":{"line":58,"column":65}},"type":"cond-expr","locations":[{"start":{"line":58,"column":48},"end":{"line":58,"column":53}},{"start":{"line":58,"column":53},"end":{"line":58,"column":65}}]},"1":{"loc":{"start":{"line":62,"column":19},"end":{"line":62,"column":45}},"type":"cond-expr","locations":[{"start":{"line":62,"column":30},"end":{"line":62,"column":35}},{"start":{"line":62,"column":35},"end":{"line":62,"column":45}}]}},"s":{"0":4,"1":1,"2":1,"3":1,"4":1,"5":1,"6":1,"7":1,"8":1,"9":1,"10":4,"11":1,"12":1,"13":1,"14":4,"15":4,"16":3,"17":1},"f":{"0":4,"1":4,"2":4,"3":3},"b":{"0":[3,1],"1":[3,1]}}
,"/Users/mohamed/Desktop/nextjs-graphql-morty-app/src/components/Footer/index.tsx": {"path":"/Users/mohamed/Desktop/nextjs-graphql-morty-app/src/components/Footer/index.tsx","statementMap":{"0":{"start":{"line":35,"column":0},"end":{"line":35,"column":15}},"1":{"start":{"line":1,"column":32},"end":{"line":1,"column":null}},"2":{"start":{"line":2,"column":23},"end":{"line":2,"column":null}},"3":{"start":{"line":3,"column":24},"end":{"line":3,"column":null}},"4":{"start":{"line":4,"column":26},"end":{"line":4,"column":null}},"5":{"start":{"line":5,"column":17},"end":{"line":5,"column":null}},"6":{"start":{"line":7,"column":15},"end":{"line":11,"column":null}},"7":{"start":{"line":12,"column":24},"end":{"line":33,"column":null}},"8":{"start":{"line":13,"column":17},"end":{"line":13,"column":null}},"9":{"start":{"line":14,"column":15},"end":{"line":14,"column":null}},"10":{"start":{"line":35,"column":15},"end":{"line":35,"column":null}}},"fnMap":{"0":{"name":"(anonymous_0)","decl":{"start":{"line":35,"column":0},"end":{"line":35,"column":15}},"loc":{"start":{"line":35,"column":0},"end":{"line":35,"column":15}}},"1":{"name":"(anonymous_2)","decl":{"start":{"line":12,"column":24},"end":{"line":12,"column":30}},"loc":{"start":{"line":12,"column":30},"end":{"line":33,"column":null}}}},"branchMap":{"0":{"loc":{"start":{"line":14,"column":15},"end":{"line":14,"column":null}},"type":"binary-expr","locations":[{"start":{"line":14,"column":15},"end":{"line":14,"column":46}},{"start":{"line":14,"column":46},"end":{"line":14,"column":null}}]},"1":{"loc":{"start":{"line":17,"column":7},"end":{"line":17,"column":null}},"type":"binary-expr","locations":[{"start":{"line":17,"column":7},"end":{"line":17,"column":null}}]}},"s":{"0":5,"1":2,"2":2,"3":2,"4":2,"5":2,"6":2,"7":2,"8":5,"9":5,"10":2},"f":{"0":5,"1":5},"b":{"0":[5,5],"1":[5]}}
,"/Users/mohamed/Desktop/nextjs-graphql-morty-app/src/components/Header/index.tsx": {"path":"/Users/mohamed/Desktop/nextjs-graphql-morty-app/src/components/Header/index.tsx","statementMap":{"0":{"start":{"line":46,"column":0},"end":{"line":46,"column":15}},"1":{"start":{"line":1,"column":23},"end":{"line":1,"column":null}},"2":{"start":{"line":2,"column":41},"end":{"line":2,"column":null}},"3":{"start":{"line":3,"column":46},"end":{"line":3,"column":null}},"4":{"start":{"line":4,"column":24},"end":{"line":4,"column":null}},"5":{"start":{"line":5,"column":23},"end":{"line":5,"column":null}},"6":{"start":{"line":6,"column":31},"end":{"line":6,"column":null}},"7":{"start":{"line":8,"column":18},"end":{"line":11,"column":null}},"8":{"start":{"line":8,"column":49},"end":{"line":11,"column":null}},"9":{"start":{"line":12,"column":15},"end":{"line":25,"column":null}},"10":{"start":{"line":12,"column":45},"end":{"line":25,"column":null}},"11":{"start":{"line":27,"column":13},"end":{"line":44,"column":null}},"12":{"start":{"line":28,"column":19},"end":{"line":28,"column":null}},"13":{"start":{"line":29,"column":17},"end":{"line":29,"column":null}},"14":{"start":{"line":36,"column":10},"end":{"line":36,"column":null}},"15":{"start":{"line":37,"column":10},"end":{"line":37,"column":null}},"16":{"start":{"line":46,"column":15},"end":{"line":46,"column":null}}},"fnMap":{"0":{"name":"(anonymous_0)","decl":{"start":{"line":46,"column":0},"end":{"line":46,"column":15}},"loc":{"start":{"line":46,"column":0},"end":{"line":46,"column":15}}},"1":{"name":"(anonymous_2)","decl":{"start":{"line":8,"column":33},"end":{"line":8,"column":34}},"loc":{"start":{"line":8,"column":49},"end":{"line":11,"column":null}}},"2":{"name":"(anonymous_3)","decl":{"start":{"line":12,"column":29},"end":{"line":12,"column":30}},"loc":{"start":{"line":12,"column":45},"end":{"line":25,"column":null}}},"3":{"name":"(anonymous_4)","decl":{"start":{"line":27,"column":13},"end":{"line":27,"column":19}},"loc":{"start":{"line":27,"column":19},"end":{"line":44,"column":null}}},"4":{"name":"(anonymous_5)","decl":{"start":{"line":35,"column":17},"end":{"line":35,"column":23}},"loc":{"start":{"line":35,"column":23},"end":{"line":38,"column":null}}}},"branchMap":{},"s":{"0":6,"1":2,"2":2,"3":2,"4":2,"5":2,"6":2,"7":2,"8":6,"9":2,"10":6,"11":2,"12":6,"13":6,"14":1,"15":1,"16":2},"f":{"0":6,"1":6,"2":6,"3":6,"4":1},"b":{}}
,"/Users/mohamed/Desktop/nextjs-graphql-morty-app/src/components/sideBar/index.tsx": {"path":"/Users/mohamed/Desktop/nextjs-graphql-morty-app/src/components/sideBar/index.tsx","statementMap":{"0":{"start":{"line":54,"column":0},"end":{"line":54,"column":15}},"1":{"start":{"line":1,"column":23},"end":{"line":1,"column":null}},"2":{"start":{"line":2,"column":23},"end":{"line":2,"column":null}},"3":{"start":{"line":3,"column":26},"end":{"line":3,"column":null}},"4":{"start":{"line":5,"column":30},"end":{"line":5,"column":null}},"5":{"start":{"line":7,"column":23},"end":{"line":21,"column":null}},"6":{"start":{"line":7,"column":53},"end":{"line":21,"column":null}},"7":{"start":{"line":23,"column":16},"end":{"line":27,"column":null}},"8":{"start":{"line":23,"column":45},"end":{"line":27,"column":null}},"9":{"start":{"line":28,"column":14},"end":{"line":34,"column":null}},"10":{"start":{"line":28,"column":44},"end":{"line":34,"column":null}},"11":{"start":{"line":35,"column":18},"end":{"line":38,"column":null}},"12":{"start":{"line":35,"column":48},"end":{"line":38,"column":null}},"13":{"start":{"line":40,"column":16},"end":{"line":40,"column":null}},"14":{"start":{"line":41,"column":18},"end":{"line":41,"column":null}},"15":{"start":{"line":42,"column":2},"end":{"line":42,"column":null}},"16":{"start":{"line":42,"column":16},"end":{"line":42,"column":null}},"17":{"start":{"line":54,"column":15},"end":{"line":54,"column":null}},"18":{"start":{"line":55,"column":19},"end":{"line":62,"column":null}},"19":{"start":{"line":55,"column":49},"end":{"line":62,"column":null}},"20":{"start":{"line":63,"column":21},"end":{"line":67,"column":null}},"21":{"start":{"line":63,"column":51},"end":{"line":67,"column":null}},"22":{"start":{"line":68,"column":21},"end":{"line":71,"column":null}},"23":{"start":{"line":68,"column":50},"end":{"line":71,"column":null}},"24":{"start":{"line":72,"column":26},"end":{"line":91,"column":null}},"25":{"start":{"line":72,"column":61},"end":{"line":91,"column":null}},"26":{"start":{"line":98,"column":10},"end":{"line":99,"column":null}}},"fnMap":{"0":{"name":"(anonymous_0)","decl":{"start":{"line":54,"column":0},"end":{"line":54,"column":15}},"loc":{"start":{"line":54,"column":0},"end":{"line":54,"column":15}}},"1":{"name":"(anonymous_2)","decl":{"start":{"line":7,"column":37},"end":{"line":7,"column":38}},"loc":{"start":{"line":7,"column":53},"end":{"line":21,"column":null}}},"2":{"name":"(anonymous_3)","decl":{"start":{"line":23,"column":29},"end":{"line":23,"column":30}},"loc":{"start":{"line":23,"column":45},"end":{"line":27,"column":null}}},"3":{"name":"(anonymous_4)","decl":{"start":{"line":28,"column":28},"end":{"line":28,"column":29}},"loc":{"start":{"line":28,"column":44},"end":{"line":34,"column":null}}},"4":{"name":"(anonymous_5)","decl":{"start":{"line":35,"column":32},"end":{"line":35,"column":33}},"loc":{"start":{"line":35,"column":48},"end":{"line":38,"column":null}}},"5":{"name":"Sidebar","decl":{"start":{"line":39,"column":9},"end":{"line":39,"column":19}},"loc":{"start":{"line":39,"column":19},"end":{"line":52,"column":null}}},"6":{"name":"(anonymous_7)","decl":{"start":{"line":55,"column":33},"end":{"line":55,"column":34}},"loc":{"start":{"line":55,"column":49},"end":{"line":62,"column":null}}},"7":{"name":"(anonymous_8)","decl":{"start":{"line":63,"column":35},"end":{"line":63,"column":36}},"loc":{"start":{"line":63,"column":51},"end":{"line":67,"column":null}}},"8":{"name":"(anonymous_9)","decl":{"start":{"line":68,"column":34},"end":{"line":68,"column":35}},"loc":{"start":{"line":68,"column":50},"end":{"line":71,"column":null}}},"9":{"name":"(anonymous_10)","decl":{"start":{"line":72,"column":45},"end":{"line":72,"column":46}},"loc":{"start":{"line":72,"column":61},"end":{"line":91,"column":null}}},"10":{"name":"Menu","decl":{"start":{"line":92,"column":9},"end":{"line":92,"column":16}},"loc":{"start":{"line":92,"column":16},"end":{"line":108,"column":null}}},"11":{"name":"(anonymous_12)","decl":{"start":{"line":97,"column":27},"end":{"line":97,"column":28}},"loc":{"start":{"line":97,"column":38},"end":{"line":104,"column":null}}}},"branchMap":{"0":{"loc":{"start":{"line":42,"column":2},"end":{"line":42,"column":null}},"type":"if","locations":[{"start":{"line":42,"column":2},"end":{"line":42,"column":null}}]}},"s":{"0":5,"1":2,"2":2,"3":2,"4":2,"5":2,"6":1,"7":2,"8":1,"9":2,"10":1,"11":2,"12":1,"13":5,"14":5,"15":5,"16":4,"17":2,"18":2,"19":1,"20":2,"21":1,"22":2,"23":4,"24":2,"25":4,"26":4},"f":{"0":5,"1":1,"2":1,"3":1,"4":1,"5":5,"6":1,"7":1,"8":4,"9":4,"10":1,"11":4},"b":{"0":[4]}}
,"/Users/mohamed/Desktop/nextjs-graphql-morty-app/src/redux/dark.ts": {"path":"/Users/mohamed/Desktop/nextjs-graphql-morty-app/src/redux/dark.ts","statementMap":{"0":{"start":{"line":12,"column":13},"end":{"line":12,"column":22}},"1":{"start":{"line":32,"column":13},"end":{"line":32,"column":25}},"2":{"start":{"line":35,"column":13},"end":{"line":35,"column":28}},"3":{"start":{"line":38,"column":0},"end":{"line":38,"column":15}},"4":{"start":{"line":1,"column":28},"end":{"line":1,"column":null}},"5":{"start":{"line":3,"column":24},"end":{"line":3,"column":null}},"6":{"start":{"line":5,"column":21},"end":{"line":7,"column":null}},"7":{"start":{"line":12,"column":25},"end":{"line":30,"column":null}},"8":{"start":{"line":17,"column":6},"end":{"line":17,"column":null}},"9":{"start":{"line":32,"column":28},"end":{"line":33,"column":null}},"10":{"start":{"line":33,"column":2},"end":{"line":33,"column":null}},"11":{"start":{"line":35,"column":31},"end":{"line":36,"column":17}},"12":{"start":{"line":36,"column":2},"end":{"line":36,"column":17}},"13":{"start":{"line":38,"column":15},"end":{"line":38,"column":32}}},"fnMap":{"0":{"name":"(anonymous_1)","decl":{"start":{"line":12,"column":22},"end":{"line":12,"column":25}},"loc":{"start":{"line":12,"column":13},"end":{"line":12,"column":22}}},"1":{"name":"(anonymous_2)","decl":{"start":{"line":32,"column":25},"end":{"line":32,"column":28}},"loc":{"start":{"line":32,"column":13},"end":{"line":32,"column":25}}},"2":{"name":"(anonymous_3)","decl":{"start":{"line":35,"column":28},"end":{"line":35,"column":31}},"loc":{"start":{"line":35,"column":13},"end":{"line":35,"column":28}}},"3":{"name":"(anonymous_4)","decl":{"start":{"line":38,"column":33},"end":{"line":38,"column":null}},"loc":{"start":{"line":38,"column":0},"end":{"line":38,"column":15}}},"4":{"name":"(anonymous_5)","decl":{"start":{"line":16,"column":4},"end":{"line":16,"column":17}},"loc":{"start":{"line":16,"column":32},"end":{"line":18,"column":null}}},"5":{"name":"(anonymous_6)","decl":{"start":{"line":21,"column":17},"end":{"line":21,"column":18}},"loc":{"start":{"line":21,"column":51},"end":{"line":27,"column":null}}},"6":{"name":"(anonymous_7)","decl":{"start":{"line":32,"column":28},"end":{"line":32,"column":29}},"loc":{"start":{"line":33,"column":2},"end":{"line":33,"column":null}}},"7":{"name":"(anonymous_8)","decl":{"start":{"line":35,"column":31},"end":{"line":35,"column":32}},"loc":{"start":{"line":36,"column":2},"end":{"line":36,"column":17}}}},"branchMap":{},"s":{"0":3,"1":1,"2":6,"3":0,"4":3,"5":3,"6":3,"7":3,"8":1,"9":3,"10":1,"11":3,"12":6,"13":3},"f":{"0":3,"1":1,"2":6,"3":0,"4":1,"5":0,"6":1,"7":6},"b":{}}
,"/Users/mohamed/Desktop/nextjs-graphql-morty-app/src/utils/constants.tsx": {"path":"/Users/mohamed/Desktop/nextjs-graphql-morty-app/src/utils/constants.tsx","statementMap":{"0":{"start":{"line":3,"column":13},"end":{"line":3,"column":29}},"1":{"start":{"line":1,"column":29},"end":{"line":1,"column":null}},"2":{"start":{"line":3,"column":29},"end":{"line":28,"column":null}}},"fnMap":{"0":{"name":"(anonymous_0)","decl":{"start":{"line":3,"column":13},"end":{"line":3,"column":29}},"loc":{"start":{"line":3,"column":13},"end":{"line":3,"column":29}}}},"branchMap":{},"s":{"0":1,"1":2,"2":2},"f":{"0":1},"b":{}}
,"/Users/mohamed/Desktop/nextjs-graphql-morty-app/src/utils/index.ts": {"path":"/Users/mohamed/Desktop/nextjs-graphql-morty-app/src/utils/index.ts","statementMap":{"0":{"start":{"line":1,"column":13},"end":{"line":1,"column":27}},"1":{"start":{"line":4,"column":13},"end":{"line":4,"column":34}},"2":{"start":{"line":1,"column":30},"end":{"line":3,"column":null}},"3":{"start":{"line":2,"column":2},"end":{"line":2,"column":null}},"4":{"start":{"line":4,"column":37},"end":{"line":7,"column":null}},"5":{"start":{"line":5,"column":17},"end":{"line":5,"column":null}},"6":{"start":{"line":6,"column":2},"end":{"line":6,"column":null}}},"fnMap":{"0":{"name":"(anonymous_1)","decl":{"start":{"line":1,"column":27},"end":{"line":1,"column":30}},"loc":{"start":{"line":1,"column":13},"end":{"line":1,"column":27}}},"1":{"name":"(anonymous_2)","decl":{"start":{"line":4,"column":34},"end":{"line":4,"column":37}},"loc":{"start":{"line":4,"column":13},"end":{"line":4,"column":34}}},"2":{"name":"(anonymous_3)","decl":{"start":{"line":1,"column":30},"end":{"line":1,"column":31}},"loc":{"start":{"line":1,"column":51},"end":{"line":3,"column":null}}},"3":{"name":"(anonymous_4)","decl":{"start":{"line":4,"column":37},"end":{"line":4,"column":43}},"loc":{"start":{"line":4,"column":43},"end":{"line":7,"column":null}}}},"branchMap":{"0":{"loc":{"start":{"line":2,"column":31},"end":{"line":2,"column":56}},"type":"cond-expr","locations":[{"start":{"line":2,"column":40},"end":{"line":2,"column":49}},{"start":{"line":2,"column":49},"end":{"line":2,"column":56}}]}},"s":{"0":3,"1":1,"2":3,"3":3,"4":3,"5":1,"6":1},"f":{"0":3,"1":1,"2":3,"3":1},"b":{"0":[1,2]}}
}
