TN:
SF:src/components/Button/index.tsx
FN:22,(anonymous_0)
FN:4,(anonymous_2)
FNF:2
FNH:2
FNDA:12,(anonymous_0)
FNDA:6,(anonymous_2)
DA:1,3
DA:2,3
DA:4,6
DA:22,6
LF:4
LH:4
BRF:0
BRH:0
end_of_record
TN:
SF:src/components/Card/index.tsx
FN:59,(anonymous_0)
FN:6,(anonymous_2)
FN:20,(anonymous_3)
FN:23,(anonymous_4)
FN:28,(anonymous_5)
FN:33,(anonymous_6)
FN:38,(anonymous_7)
FNF:7
FNH:7
FNDA:4,(anonymous_0)
FNDA:4,(anonymous_2)
FNDA:4,(anonymous_3)
FNDA:4,(anonymous_4)
FNDA:4,(anonymous_5)
FNDA:4,(anonymous_6)
FNDA:4,(anonymous_7)
DA:1,2
DA:2,2
DA:3,2
DA:6,4
DA:20,4
DA:23,4
DA:28,4
DA:33,4
DA:38,2
DA:59,4
LF:10
LH:10
BRF:0
BRH:0
end_of_record
TN:
SF:src/components/Characters/index.tsx
FN:79,(anonymous_0)
FN:29,(anonymous_2)
FN:52,(anonymous_3)
FN:66,(anonymous_4)
FNF:4
FNH:4
FNDA:4,(anonymous_0)
FNDA:4,(anonymous_2)
FNDA:4,(anonymous_3)
FNDA:3,(anonymous_4)
DA:1,1
DA:2,1
DA:4,1
DA:6,1
DA:7,1
DA:8,1
DA:9,1
DA:12,1
DA:29,4
DA:38,1
DA:44,1
DA:52,1
DA:53,4
DA:54,4
DA:67,3
DA:79,4
LF:16
LH:16
BRDA:58,0,0,3
BRDA:58,0,1,1
BRDA:62,1,0,3
BRDA:62,1,1,1
BRF:4
BRH:4
end_of_record
TN:
SF:src/components/Footer/index.tsx
FN:35,(anonymous_0)
FN:12,(anonymous_2)
FNF:2
FNH:2
FNDA:5,(anonymous_0)
FNDA:5,(anonymous_2)
DA:1,2
DA:2,2
DA:3,2
DA:4,2
DA:5,2
DA:7,2
DA:12,2
DA:13,5
DA:14,5
DA:35,5
LF:10
LH:10
BRDA:14,0,0,5
BRDA:14,0,1,5
BRDA:17,1,0,5
BRF:3
BRH:3
end_of_record
TN:
SF:src/components/Header/index.tsx
FN:46,(anonymous_0)
FN:8,(anonymous_2)
FN:12,(anonymous_3)
FN:27,(anonymous_4)
FN:35,(anonymous_5)
FNF:5
FNH:5
FNDA:6,(anonymous_0)
FNDA:6,(anonymous_2)
FNDA:6,(anonymous_3)
FNDA:6,(anonymous_4)
FNDA:1,(anonymous_5)
DA:1,2
DA:2,2
DA:3,2
DA:4,2
DA:5,2
DA:6,2
DA:8,6
DA:12,6
DA:27,2
DA:28,6
DA:29,6
DA:36,1
DA:37,1
DA:46,6
LF:14
LH:14
BRF:0
BRH:0
end_of_record
TN:
SF:src/components/sideBar/index.tsx
FN:54,(anonymous_0)
FN:7,(anonymous_2)
FN:23,(anonymous_3)
FN:28,(anonymous_4)
FN:35,(anonymous_5)
FN:39,Sidebar
FN:55,(anonymous_7)
FN:63,(anonymous_8)
FN:68,(anonymous_9)
FN:72,(anonymous_10)
FN:92,Menu
FN:97,(anonymous_12)
FNF:12
FNH:12
FNDA:5,(anonymous_0)
FNDA:1,(anonymous_2)
FNDA:1,(anonymous_3)
FNDA:1,(anonymous_4)
FNDA:1,(anonymous_5)
FNDA:5,Sidebar
FNDA:1,(anonymous_7)
FNDA:1,(anonymous_8)
FNDA:4,(anonymous_9)
FNDA:4,(anonymous_10)
FNDA:1,Menu
FNDA:4,(anonymous_12)
DA:1,2
DA:2,2
DA:3,2
DA:5,2
DA:7,2
DA:23,2
DA:28,2
DA:35,2
DA:40,5
DA:41,5
DA:42,5
DA:54,5
DA:55,2
DA:63,2
DA:68,4
DA:72,4
DA:98,4
LF:17
LH:17
BRDA:42,0,0,4
BRF:1
BRH:1
end_of_record
TN:
SF:src/redux/dark.ts
FN:12,(anonymous_1)
FN:32,(anonymous_2)
FN:35,(anonymous_3)
FN:38,(anonymous_4)
FN:16,(anonymous_5)
FN:21,(anonymous_6)
FN:32,(anonymous_7)
FN:35,(anonymous_8)
FNF:8
FNH:6
FNDA:3,(anonymous_1)
FNDA:1,(anonymous_2)
FNDA:6,(anonymous_3)
FNDA:0,(anonymous_4)
FNDA:1,(anonymous_5)
FNDA:0,(anonymous_6)
FNDA:1,(anonymous_7)
FNDA:6,(anonymous_8)
DA:1,3
DA:3,3
DA:5,3
DA:12,3
DA:17,1
DA:32,3
DA:33,1
DA:35,6
DA:36,6
DA:38,3
LF:10
LH:10
BRF:0
BRH:0
end_of_record
TN:
SF:src/utils/constants.tsx
FN:3,(anonymous_0)
FNF:1
FNH:1
FNDA:1,(anonymous_0)
DA:1,2
DA:3,2
LF:2
LH:2
BRF:0
BRH:0
end_of_record
TN:
SF:src/utils/index.ts
FN:1,(anonymous_1)
FN:4,(anonymous_2)
FN:1,(anonymous_3)
FN:4,(anonymous_4)
FNF:4
FNH:4
FNDA:3,(anonymous_1)
FNDA:1,(anonymous_2)
FNDA:3,(anonymous_3)
FNDA:1,(anonymous_4)
DA:1,3
DA:2,3
DA:4,3
DA:5,1
DA:6,1
LF:5
LH:5
BRDA:2,0,0,1
BRDA:2,0,1,2
BRF:2
BRH:2
end_of_record
